[2022-12-01T00:33:34.405Z] error: undefined
[2022-12-01T00:33:34.410Z] error: undefined
[2022-12-02T22:11:35.646Z] error: <httpProxy> Error calling http://localhost/admin/api.php...
[2022-12-02T22:11:35.647Z] error: <httpProxy> [
  500,
  Error: connect ECONNREFUSED 127.0.0.1:8000
      at TCPConnectWrap.afterConnect [as oncomplete] (node:net:1300:16) {
    errno: -111,
    code: 'ECONNREFUSED',
    syscall: 'connect',
    address: '127.0.0.1',
    port: 8000
  }
]
[2022-12-02T22:11:49.446Z] error: <httpProxy> Error calling http://pihole/admin/api.php...
[2022-12-02T22:11:49.446Z] error: <httpProxy> [
  500,
  Error: getaddrinfo EAI_AGAIN pihole
      at GetAddrInfoReqWrap.onlookup [as oncomplete] (node:dns:107:26) {
    errno: -3001,
    code: 'EAI_AGAIN',
    syscall: 'getaddrinfo',
    hostname: 'pihole'
  }
]
[2022-12-02T22:11:49.592Z] error: <httpProxy> Error calling http://pihole/admin/api.php...
[2022-12-02T22:11:49.593Z] error: <httpProxy> [
  500,
  Error: getaddrinfo EAI_AGAIN pihole
      at GetAddrInfoReqWrap.onlookup [as oncomplete] (node:dns:107:26) {
    errno: -3001,
    code: 'EAI_AGAIN',
    syscall: 'getaddrinfo',
    hostname: 'pihole'
  }
]
[2022-12-02T22:11:58.748Z] error: <httpProxy> Error calling http://pihole/admin/api.php...
[2022-12-02T22:11:58.749Z] error: <httpProxy> [
  500,
  Error: getaddrinfo EAI_AGAIN pihole
      at GetAddrInfoReqWrap.onlookup [as oncomplete] (node:dns:107:26) {
    errno: -3001,
    code: 'EAI_AGAIN',
    syscall: 'getaddrinfo',
    hostname: 'pihole'
  }
]
[2022-12-02T22:12:02.386Z] error: <httpProxy> Error calling http://pi-hole/admin/api.php...
[2022-12-02T22:12:02.386Z] error: <httpProxy> [
  500,
  Error: getaddrinfo EAI_AGAIN pi-hole
      at GetAddrInfoReqWrap.onlookup [as oncomplete] (node:dns:107:26) {
    errno: -3001,
    code: 'EAI_AGAIN',
    syscall: 'getaddrinfo',
    hostname: 'pi-hole'
  }
]
[2022-12-02T22:12:50.038Z] error: <httpProxy> Error calling http://pi-hole/admin/api.php...
[2022-12-02T22:12:50.039Z] error: <httpProxy> [
  500,
  Error: getaddrinfo EAI_AGAIN pi-hole
      at GetAddrInfoReqWrap.onlookup [as oncomplete] (node:dns:107:26) {
    errno: -3001,
    code: 'EAI_AGAIN',
    syscall: 'getaddrinfo',
    hostname: 'pi-hole'
  }
]
[2022-12-02T22:12:55.559Z] error: <httpProxy> Error calling http://pi-hole/admin/api.php...
[2022-12-02T22:12:55.559Z] error: <httpProxy> [
  500,
  Error: getaddrinfo EAI_AGAIN pi-hole
      at GetAddrInfoReqWrap.onlookup [as oncomplete] (node:dns:107:26) {
    errno: -3001,
    code: 'EAI_AGAIN',
    syscall: 'getaddrinfo',
    hostname: 'pi-hole'
  }
]
[2022-12-02T22:13:03.048Z] error: <httpProxy> Error calling http://pihole/admin/api.php...
[2022-12-02T22:13:03.048Z] error: <httpProxy> [
  500,
  Error: getaddrinfo EAI_AGAIN pihole
      at GetAddrInfoReqWrap.onlookup [as oncomplete] (node:dns:107:26) {
    errno: -3001,
    code: 'EAI_AGAIN',
    syscall: 'getaddrinfo',
    hostname: 'pihole'
  }
]
[2022-12-02T22:13:49.036Z] error: <httpProxy> Error calling http://pihole/admin/api.php...
[2022-12-02T22:13:49.036Z] error: <httpProxy> [
  500,
  Error: getaddrinfo EAI_AGAIN pihole
      at GetAddrInfoReqWrap.onlookup [as oncomplete] (node:dns:107:26) {
    errno: -3001,
    code: 'EAI_AGAIN',
    syscall: 'getaddrinfo',
    hostname: 'pihole'
  }
]
[2022-12-02T22:16:06.552Z] error: <httpProxy> Error calling http://172.19.0.2/admin/api.php...
[2022-12-02T22:16:06.552Z] error: <httpProxy> [
  500,
  Error: connect ETIMEDOUT 172.19.0.2:8000
      at TCPConnectWrap.afterConnect [as oncomplete] (node:net:1300:16) {
    errno: -110,
    code: 'ETIMEDOUT',
    syscall: 'connect',
    address: '172.19.0.2',
    port: 8000
  }
]
[2022-12-02T22:16:06.553Z] error: <httpProxy> Error calling http://172.19.0.2/admin/api.php...
[2022-12-02T22:16:06.553Z] error: <httpProxy> [
  500,
  Error: connect ETIMEDOUT 172.19.0.2:8000
      at TCPConnectWrap.afterConnect [as oncomplete] (node:net:1300:16) {
    errno: -110,
    code: 'ETIMEDOUT',
    syscall: 'connect',
    address: '172.19.0.2',
    port: 8000
  }
]
[2022-12-02T22:17:59.191Z] error: <httpProxy> Error calling http://172.19.0.2/admin/admin/api.php...
[2022-12-02T22:17:59.192Z] error: <httpProxy> [
  500,
  Error: connect ETIMEDOUT 172.19.0.2:8000
      at TCPConnectWrap.afterConnect [as oncomplete] (node:net:1300:16) {
    errno: -110,
    code: 'ETIMEDOUT',
    syscall: 'connect',
    address: '172.19.0.2',
    port: 8000
  }
]
[2022-12-02T22:18:19.672Z] error: <httpProxy> Error calling http://172.19.0.2/admin/admin/api.php...
[2022-12-02T22:18:19.672Z] error: <httpProxy> [
  500,
  Error: connect ETIMEDOUT 172.19.0.2:8000
      at TCPConnectWrap.afterConnect [as oncomplete] (node:net:1300:16) {
    errno: -110,
    code: 'ETIMEDOUT',
    syscall: 'connect',
    address: '172.19.0.2',
    port: 8000
  }
]
[2022-12-02T22:24:54.385Z] error: <httpProxy> Error calling https://realhardstyle.nl/...
[2022-12-02T22:24:54.385Z] error: <httpProxy> [
  500,
  Error: getaddrinfo EAI_AGAIN realhardstyle.nl
      at GetAddrInfoReqWrap.onlookup [as oncomplete] (node:dns:107:26) {
    errno: -3001,
    code: 'EAI_AGAIN',
    syscall: 'getaddrinfo',
    hostname: 'realhardstyle.nl'
  }
]
[2022-12-02T22:24:59.032Z] error: <httpProxy> Error calling http://172.19.0.2/admin/api.php...
[2022-12-02T22:24:59.032Z] error: <httpProxy> [
  500,
  Error: connect ETIMEDOUT 172.19.0.2:8000
      at TCPConnectWrap.afterConnect [as oncomplete] (node:net:1300:16) {
    errno: -110,
    code: 'ETIMEDOUT',
    syscall: 'connect',
    address: '172.19.0.2',
    port: 8000
  }
]
[2022-12-02T22:24:59.033Z] error: <httpProxy> Error calling http://172.19.0.2/admin/api.php...
[2022-12-02T22:24:59.033Z] error: <httpProxy> [
  500,
  Error: connect ETIMEDOUT 172.19.0.2:8000
      at TCPConnectWrap.afterConnect [as oncomplete] (node:net:1300:16) {
    errno: -110,
    code: 'ETIMEDOUT',
    syscall: 'connect',
    address: '172.19.0.2',
    port: 8000
  }
]
[2022-12-02T22:28:03.352Z] error: <httpProxy> Error calling http://172.19.0.2/admin/api.php...
[2022-12-02T22:28:03.352Z] error: <httpProxy> [
  500,
  Error: connect ETIMEDOUT 172.19.0.2:8000
      at TCPConnectWrap.afterConnect [as oncomplete] (node:net:1300:16) {
    errno: -110,
    code: 'ETIMEDOUT',
    syscall: 'connect',
    address: '172.19.0.2',
    port: 8000
  }
]
[2022-12-02T22:28:18.712Z] error: <httpProxy> Error calling http://172.19.0.2/admin/api.php...
[2022-12-02T22:28:18.712Z] error: <httpProxy> [
  500,
  Error: connect ETIMEDOUT 172.19.0.2:80
      at TCPConnectWrap.afterConnect [as oncomplete] (node:net:1300:16) {
    errno: -110,
    code: 'ETIMEDOUT',
    syscall: 'connect',
    address: '172.19.0.2',
    port: 80
  }
]
[2022-12-02T22:29:04.792Z] error: <httpProxy> Error calling http://172.19.0.2/admin/api.php...
[2022-12-02T22:29:04.792Z] error: <httpProxy> [
  500,
  Error: connect ETIMEDOUT 172.19.0.2:80
      at TCPConnectWrap.afterConnect [as oncomplete] (node:net:1300:16) {
    errno: -110,
    code: 'ETIMEDOUT',
    syscall: 'connect',
    address: '172.19.0.2',
    port: 80
  }
]
